# JRE version: OpenJDK Runtime Environment Temurin-21.0.11+10 (21.0.11+10) (build 21.0.11+10-LTS)
# Java VM: OpenJDK 64-Bit Server VM Temurin-21.0.11+10 (21.0.11+10-LTS, mixed mode, sharing, tiered, compressed oops, compressed class ptrs, parallel gc, windows-amd64)
GC Precious Log:
 CardTable entry size: 512
 CPUs: 8 total, 8 available
 Memory: 8071M
 Large Page Support: Disabled
 NUMA Support: Disabled
 Compressed Oops: Enabled (32-bit)
 Alignments: Space 512K, Generation 512K, Heap 2M
 Heap Min Capacity: 100M
 Heap Initial Capacity: 100M
 Heap Max Capacity: 2G
 Pre-touch: Disabled
 Parallel Workers: 8
Heap:
 PSYoungGen      total 3072K, used 2976K [0x00000000d5580000, 0x00000000d5b00000, 0x0000000100000000)
  eden space 1536K, 100% used [0x00000000d5580000,0x00000000d5700000,0x00000000d5700000)
  from space 1536K, 93% used [0x00000000d5700000,0x00000000d5868000,0x00000000d5880000)
  to   space 2048K, 0% used [0x00000000d5900000,0x00000000d5900000,0x00000000d5b00000)
 ParOldGen       total 439808K, used 187861K [0x0000000080000000, 0x000000009ad80000, 0x00000000d5580000)
  object space 439808K, 42% used [0x0000000080000000,0x000000008b775500,0x000000009ad80000)
 Metaspace       used 58434K, committed 59840K, reserved 1114112K
  class space    used 6256K, committed 6848K, reserved 1048576K
GC Heap History (20 events):
Event: 66.738 GC heap before
{Heap before GC invocations=347 (full 2):
 PSYoungGen      total 2560K, used 2560K [0x00000000d5580000, 0x00000000d6100000, 0x0000000100000000)
  eden space 512K, 100% used [0x00000000d5580000,0x00000000d5600000,0x00000000d5600000)
  from space 2048K, 100% used [0x00000000d5a00000,0x00000000d5c00000,0x00000000d5c00000)
  to   space 4096K, 0% used [0x00000000d5600000,0x00000000d5600000,0x00000000d5a00000)
 ParOldGen       total 434176K, used 434071K [0x0000000080000000, 0x000000009a800000, 0x00000000d5580000)
  object space 434176K, 99% used [0x0000000080000000,0x000000009a7e5fd8,0x000000009a800000)
 Metaspace       used 58385K, committed 59776K, reserved 1114112K
  class space    used 6250K, committed 6848K, reserved 1048576K
}
Event: 66.744 GC heap after
{Heap after GC invocations=347 (full 2):
 PSYoungGen      total 1536K, used 640K [0x00000000d5580000, 0x00000000d5a80000, 0x0000000100000000)
  eden space 512K, 0% used [0x00000000d5580000,0x00000000d5580000,0x00000000d5600000)
  from space 1024K, 62% used [0x00000000d5600000,0x00000000d56a0000,0x00000000d5700000)
  to   space 2048K, 0% used [0x00000000d5880000,0x00000000d5880000,0x00000000d5a80000)
 ParOldGen       total 436224K, used 436095K [0x0000000080000000, 0x000000009aa00000, 0x00000000d5580000)
  object space 436224K, 99% used [0x0000000080000000,0x000000009a9dffd8,0x000000009aa00000)
 Metaspace       used 58385K, committed 59776K, reserved 1114112K
  class space    used 6250K, committed 6848K, reserved 1048576K
}
Event: 66.753 GC heap before
{Heap before GC invocations=348 (full 2):
 PSYoungGen      total 1536K, used 1017K [0x00000000d5580000, 0x00000000d5a80000, 0x0000000100000000)
  eden space 512K, 73% used [0x00000000d5580000,0x00000000d55de670,0x00000000d5600000)
  from space 1024K, 62% used [0x00000000d5600000,0x00000000d56a0000,0x00000000d5700000)
  to   space 2048K, 0% used [0x00000000d5880000,0x00000000d5880000,0x00000000d5a80000)
 ParOldGen       total 436224K, used 436095K [0x0000000080000000, 0x000000009aa00000, 0x00000000d5580000)
  object space 436224K, 99% used [0x0000000080000000,0x000000009a9dffd8,0x000000009aa00000)
 Metaspace       used 58385K, committed 59776K, reserved 1114112K
  class space    used 6250K, committed 6848K, reserved 1048576K
}
Event: 66.756 GC heap after
{Heap after GC invocations=348 (full 2):
 PSYoungGen      total 1536K, used 502K [0x00000000d5580000, 0x00000000d5900000, 0x0000000100000000)
  eden space 1024K, 0% used [0x00000000d5580000,0x00000000d5580000,0x00000000d5680000)
  from space 512K, 98% used [0x00000000d5880000,0x00000000d58fd9b8,0x00000000d5900000)
  to   space 1024K, 0% used [0x00000000d5700000,0x00000000d5700000,0x00000000d5800000)
 ParOldGen       total 436736K, used 436623K [0x0000000080000000, 0x000000009aa80000, 0x00000000d5580000)
  object space 436736K, 99% used [0x0000000080000000,0x000000009aa63fd8,0x000000009aa80000)
 Metaspace       used 58385K, committed 59776K, reserved 1114112K
  class space    used 6250K, committed 6848K, reserved 1048576K
}
Event: 66.772 GC heap before
{Heap before GC invocations=349 (full 2):
 PSYoungGen      total 1536K, used 1526K [0x00000000d5580000, 0x00000000d5900000, 0x0000000100000000)
  eden space 1024K, 100% used [0x00000000d5580000,0x00000000d5680000,0x00000000d5680000)
  from space 512K, 98% used [0x00000000d5880000,0x00000000d58fd9b8,0x00000000d5900000)
  to   space 1024K, 0% used [0x00000000d5700000,0x00000000d5700000,0x00000000d5800000)
 ParOldGen       total 436736K, used 436623K [0x0000000080000000, 0x000000009aa80000, 0x00000000d5580000)
  object space 436736K, 99% used [0x0000000080000000,0x000000009aa63fd8,0x000000009aa80000)
 Metaspace       used 58385K, committed 59776K, reserved 1114112K
  class space    used 6250K, committed 6848K, reserved 1048576K
}
Event: 66.776 GC heap after
{Heap after GC invocations=349 (full 2):
 PSYoungGen      total 2560K, used 1008K [0x00000000d5580000, 0x00000000d5b00000, 0x0000000100000000)
  eden space 1536K, 0% used [0x00000000d5580000,0x00000000d5580000,0x00000000d5700000)
  from space 1024K, 98% used [0x00000000d5700000,0x00000000d57fc140,0x00000000d5800000)
  to   space 2048K, 0% used [0x00000000d5900000,0x00000000d5900000,0x00000000d5b00000)
 ParOldGen       total 437248K, used 437045K [0x0000000080000000, 0x000000009ab00000, 0x00000000d5580000)
  object space 437248K, 99% used [0x0000000080000000,0x000000009aacd428,0x000000009ab00000)
 Metaspace       used 58385K, committed 59776K, reserved 1114112K
  class space    used 6250K, committed 6848K, reserved 1048576K
}
Event: 66.900 GC heap before
{Heap before GC invocations=350 (full 2):
 PSYoungGen      total 2560K, used 2520K [0x00000000d5580000, 0x00000000d5b00000, 0x0000000100000000)
  eden space 1536K, 98% used [0x00000000d5580000,0x00000000d56f9f48,0x00000000d5700000)
  from space 1024K, 98% used [0x00000000d5700000,0x00000000d57fc140,0x00000000d5800000)
  to   space 2048K, 0% used [0x00000000d5900000,0x00000000d5900000,0x00000000d5b00000)
 ParOldGen       total 437248K, used 437045K [0x0000000080000000, 0x000000009ab00000, 0x00000000d5580000)
  object space 437248K, 99% used [0x0000000080000000,0x000000009aacd428,0x000000009ab00000)
 Metaspace       used 58397K, committed 59776K, reserved 1114112K
  class space    used 6252K, committed 6848K, reserved 1048576K
}
Event: 66.922 GC heap after
{Heap after GC invocations=350 (full 2):
 PSYoungGen      total 3584K, used 1207K [0x00000000d5580000, 0x00000000d5a80000, 0x0000000100000000)
  eden space 2048K, 0% used [0x00000000d5580000,0x00000000d5580000,0x00000000d5780000)
  from space 1536K, 78% used [0x00000000d5900000,0x00000000d5a2dc40,0x00000000d5a80000)
  to   space 1536K, 0% used [0x00000000d5780000,0x00000000d5780000,0x00000000d5900000)
 ParOldGen       total 438272K, used 438077K [0x0000000080000000, 0x000000009ac00000, 0x00000000d5580000)
  object space 438272K, 99% used [0x0000000080000000,0x000000009abcf568,0x000000009ac00000)
 Metaspace       used 58397K, committed 59776K, reserved 1114112K
  class space    used 6252K, committed 6848K, reserved 1048576K
}
Event: 67.090 GC heap before
{Heap before GC invocations=351 (full 2):
 PSYoungGen      total 3584K, used 3155K [0x00000000d5580000, 0x00000000d5a80000, 0x0000000100000000)
  eden space 2048K, 95% used [0x00000000d5580000,0x00000000d5767240,0x00000000d5780000)
  from space 1536K, 78% used [0x00000000d5900000,0x00000000d5a2dc40,0x00000000d5a80000)
  to   space 1536K, 0% used [0x00000000d5780000,0x00000000d5780000,0x00000000d5900000)
 ParOldGen       total 438272K, used 438077K [0x0000000080000000, 0x000000009ac00000, 0x00000000d5580000)
  object space 438272K, 99% used [0x0000000080000000,0x000000009abcf568,0x000000009ac00000)
 Metaspace       used 58397K, committed 59776K, reserved 1114112K
  class space    used 6252K, committed 6848K, reserved 1048576K
}
Event: 67.095 GC heap after
{Heap after GC invocations=351 (full 2):
 PSYoungGen      total 3072K, used 824K [0x00000000d5580000, 0x00000000d5980000, 0x0000000100000000)
  eden space 2048K, 0% used [0x00000000d5580000,0x00000000d5580000,0x00000000d5780000)
  from space 1024K, 80% used [0x00000000d5780000,0x00000000d584e018,0x00000000d5880000)
  to   space 1024K, 0% used [0x00000000d5880000,0x00000000d5880000,0x00000000d5980000)
 ParOldGen       total 439296K, used 439070K [0x0000000080000000, 0x000000009ad00000, 0x00000000d5580000)
  object space 439296K, 99% used [0x0000000080000000,0x000000009acc7998,0x000000009ad00000)
 Metaspace       used 58397K, committed 59776K, reserved 1114112K
  class space    used 6252K, committed 6848K, reserved 1048576K
}
Event: 67.280 GC heap before
{Heap before GC invocations=352 (full 2):
 PSYoungGen      total 3072K, used 1377K [0x00000000d5580000, 0x00000000d5980000, 0x0000000100000000)
  eden space 2048K, 27% used [0x00000000d5580000,0x00000000d560a4b8,0x00000000d5780000)
  from space 1024K, 80% used [0x00000000d5780000,0x00000000d584e018,0x00000000d5880000)
  to   space 1024K, 0% used [0x00000000d5880000,0x00000000d5880000,0x00000000d5980000)
 ParOldGen       total 439296K, used 439070K [0x0000000080000000, 0x000000009ad00000, 0x00000000d5580000)
  object space 439296K, 99% used [0x0000000080000000,0x000000009acc7998,0x000000009ad00000)
 Metaspace       used 58404K, committed 59776K, reserved 1114112K
  class space    used 6253K, committed 6848K, reserved 1048576K
}
Event: 67.296 GC heap after
{Heap after GC invocations=352 (full 2):
 PSYoungGen      total 3072K, used 368K [0x00000000d5580000, 0x00000000d5980000, 0x0000000100000000)
  eden space 2048K, 0% used [0x00000000d5580000,0x00000000d5580000,0x00000000d5780000)
  from space 1024K, 35% used [0x00000000d5880000,0x00000000d58dc008,0x00000000d5980000)
  to   space 1024K, 0% used [0x00000000d5780000,0x00000000d5780000,0x00000000d5880000)
 ParOldGen       total 439808K, used 439798K [0x0000000080000000, 0x000000009ad80000, 0x00000000d5580000)
  object space 439808K, 99% used [0x0000000080000000,0x000000009ad7d9a8,0x000000009ad80000)
 Metaspace       used 58404K, committed 59776K, reserved 1114112K
  class space    used 6253K, committed 6848K, reserved 1048576K
}
Event: 67.296 GC heap before
{Heap before GC invocations=353 (full 3):
 PSYoungGen      total 3072K, used 368K [0x00000000d5580000, 0x00000000d5980000, 0x0000000100000000)
  eden space 2048K, 0% used [0x00000000d5580000,0x00000000d5580000,0x00000000d5780000)
  from space 1024K, 35% used [0x00000000d5880000,0x00000000d58dc008,0x00000000d5980000)
  to   space 1024K, 0% used [0x00000000d5780000,0x00000000d5780000,0x00000000d5880000)
 ParOldGen       total 439808K, used 439798K [0x0000000080000000, 0x000000009ad80000, 0x00000000d5580000)
  object space 439808K, 99% used [0x0000000080000000,0x000000009ad7d9a8,0x000000009ad80000)
 Metaspace       used 58404K, committed 59776K, reserved 1114112K
  class space    used 6253K, committed 6848K, reserved 1048576K
}
Event: 70.137 GC heap after
{Heap after GC invocations=353 (full 3):
 PSYoungGen      total 3072K, used 0K [0x00000000d5580000, 0x00000000d5980000, 0x0000000100000000)
  eden space 2048K, 0% used [0x00000000d5580000,0x00000000d5580000,0x00000000d5780000)
  from space 1024K, 0% used [0x00000000d5880000,0x00000000d5880000,0x00000000d5980000)
  to   space 1024K, 0% used [0x00000000d5780000,0x00000000d5780000,0x00000000d5880000)
 ParOldGen       total 439808K, used 184516K [0x0000000080000000, 0x000000009ad80000, 0x00000000d5580000)
  object space 439808K, 41% used [0x0000000080000000,0x000000008b431260,0x000000009ad80000)
 Metaspace       used 58403K, committed 59776K, reserved 1114112K
  class space    used 6253K, committed 6848K, reserved 1048576K
}
Event: 70.406 GC heap before
{Heap before GC invocations=354 (full 3):
 PSYoungGen      total 3072K, used 2048K [0x00000000d5580000, 0x00000000d5980000, 0x0000000100000000)
  eden space 2048K, 100% used [0x00000000d5580000,0x00000000d5780000,0x00000000d5780000)
  from space 1024K, 0% used [0x00000000d5880000,0x00000000d5880000,0x00000000d5980000)
  to   space 1024K, 0% used [0x00000000d5780000,0x00000000d5780000,0x00000000d5880000)
 ParOldGen       total 439808K, used 184516K [0x0000000080000000, 0x000000009ad80000, 0x00000000d5580000)
  object space 439808K, 41% used [0x0000000080000000,0x000000008b431260,0x000000009ad80000)
 Metaspace       used 58424K, committed 59840K, reserved 1114112K
  class space    used 6255K, committed 6848K, reserved 1048576K
}
Event: 70.427 GC heap after
{Heap after GC invocations=354 (full 3):
 PSYoungGen      total 3072K, used 998K [0x00000000d5580000, 0x00000000d5b80000, 0x0000000100000000)
  eden space 2048K, 0% used [0x00000000d5580000,0x00000000d5580000,0x00000000d5780000)
  from space 1024K, 97% used [0x00000000d5780000,0x00000000d5879880,0x00000000d5880000)
  to   space 2048K, 0% used [0x00000000d5980000,0x00000000d5980000,0x00000000d5b80000)
 ParOldGen       total 439808K, used 185040K [0x0000000080000000, 0x000000009ad80000, 0x00000000d5580000)
  object space 439808K, 42% used [0x0000000080000000,0x000000008b4b4110,0x000000009ad80000)
 Metaspace       used 58424K, committed 59840K, reserved 1114112K
  class space    used 6255K, committed 6848K, reserved 1048576K
}
Event: 70.497 GC heap before
{Heap before GC invocations=355 (full 3):
 PSYoungGen      total 3072K, used 3046K [0x00000000d5580000, 0x00000000d5b80000, 0x0000000100000000)
  eden space 2048K, 100% used [0x00000000d5580000,0x00000000d5780000,0x00000000d5780000)
  from space 1024K, 97% used [0x00000000d5780000,0x00000000d5879880,0x00000000d5880000)
  to   space 2048K, 0% used [0x00000000d5980000,0x00000000d5980000,0x00000000d5b80000)
 ParOldGen       total 439808K, used 185040K [0x0000000080000000, 0x000000009ad80000, 0x00000000d5580000)
  object space 439808K, 42% used [0x0000000080000000,0x000000008b4b4110,0x000000009ad80000)
 Metaspace       used 58426K, committed 59840K, reserved 1114112K
  class space    used 6255K, committed 6848K, reserved 1048576K
}
Event: 70.516 GC heap after
{Heap after GC invocations=355 (full 3):
 PSYoungGen      total 3584K, used 1978K [0x00000000d5580000, 0x00000000d5c80000, 0x0000000100000000)
  eden space 1536K, 0% used [0x00000000d5580000,0x00000000d5580000,0x00000000d5700000)
  from space 2048K, 96% used [0x00000000d5980000,0x00000000d5b6ea10,0x00000000d5b80000)
  to   space 2560K, 0% used [0x00000000d5700000,0x00000000d5700000,0x00000000d5980000)
 ParOldGen       total 439808K, used 186012K [0x0000000080000000, 0x000000009ad80000, 0x00000000d5580000)
  object space 439808K, 42% used [0x0000000080000000,0x000000008b5a7290,0x000000009ad80000)
 Metaspace       used 58426K, committed 59840K, reserved 1114112K
  class space    used 6255K, committed 6848K, reserved 1048576K
}
Event: 70.591 GC heap before
{Heap before GC invocations=356 (full 3):
 PSYoungGen      total 3584K, used 3514K [0x00000000d5580000, 0x00000000d5c80000, 0x0000000100000000)
  eden space 1536K, 100% used [0x00000000d5580000,0x00000000d5700000,0x00000000d5700000)
  from space 2048K, 96% used [0x00000000d5980000,0x00000000d5b6ea10,0x00000000d5b80000)
  to   space 2560K, 0% used [0x00000000d5700000,0x00000000d5700000,0x00000000d5980000)
 ParOldGen       total 439808K, used 186012K [0x0000000080000000, 0x000000009ad80000, 0x00000000d5580000)
  object space 439808K, 42% used [0x0000000080000000,0x000000008b5a7290,0x000000009ad80000)
 Metaspace       used 58428K, committed 59840K, reserved 1114112K
  class space    used 6256K, committed 6848K, reserved 1048576K
}
Event: 70.608 GC heap after
{Heap after GC invocations=356 (full 3):
 PSYoungGen      total 3072K, used 1440K [0x00000000d5580000, 0x00000000d5b00000, 0x0000000100000000)
  eden space 1536K, 0% used [0x00000000d5580000,0x00000000d5580000,0x00000000d5700000)
  from space 1536K, 93% used [0x00000000d5700000,0x00000000d5868000,0x00000000d5880000)
  to   space 2048K, 0% used [0x00000000d5900000,0x00000000d5900000,0x00000000d5b00000)
 ParOldGen       total 439808K, used 187861K [0x0000000080000000, 0x000000009ad80000, 0x00000000d5580000)
  object space 439808K, 42% used [0x0000000080000000,0x000000008b775500,0x000000009ad80000)
 Metaspace       used 58428K, committed 59840K, reserved 1114112K
  class space    used 6256K, committed 6848K, reserved 1048576K
}

