# JRE version: OpenJDK Runtime Environment Temurin-21.0.11+10 (21.0.11+10) (build 21.0.11+10-LTS)
# Java VM: OpenJDK 64-Bit Server VM Temurin-21.0.11+10 (21.0.11+10-LTS, mixed mode, sharing, tiered, compressed oops, compressed class ptrs, parallel gc, windows-amd64)
GC Precious Log:
 CardTable entry size: 512
 CPUs: 8 total, 8 available
 Memory: 8071M
 Large Page Support: Disabled
 NUMA Support: Disabled
 Compressed Oops: Enabled (32-bit)
 Alignments: Space 512K, Generation 512K, Heap 2M
 Heap Min Capacity: 100M
 Heap Initial Capacity: 100M
 Heap Max Capacity: 2G
 Pre-touch: Disabled
 Parallel Workers: 8
Heap:
 PSYoungGen      total 22016K, used 12579K [0x00000000d5580000, 0x00000000d6d00000, 0x0000000100000000)
  eden space 20992K, 56% used [0x00000000d5580000,0x00000000d6128c60,0x00000000d6a00000)
  from space 1024K, 62% used [0x00000000d6a00000,0x00000000d6aa0000,0x00000000d6b00000)
  to   space 1536K, 0% used [0x00000000d6b80000,0x00000000d6b80000,0x00000000d6d00000)
 ParOldGen       total 68608K, used 37248K [0x0000000080000000, 0x0000000084300000, 0x00000000d5580000)
  object space 68608K, 54% used [0x0000000080000000,0x0000000082460200,0x0000000084300000)
 Metaspace       used 48611K, committed 49920K, reserved 1114112K
  class space    used 5282K, committed 5824K, reserved 1048576K
GC Heap History (20 events):
Event: 20.395 GC heap before
{Heap before GC invocations=18 (full 2):
 PSYoungGen      total 24576K, used 23168K [0x00000000d5580000, 0x00000000d7000000, 0x0000000100000000)
  eden space 22016K, 100% used [0x00000000d5580000,0x00000000d6b00000,0x00000000d6b00000)
  from space 2560K, 45% used [0x00000000d6b00000,0x00000000d6c20000,0x00000000d6d80000)
  to   space 2048K, 0% used [0x00000000d6e00000,0x00000000d6e00000,0x00000000d7000000)
 ParOldGen       total 68608K, used 21738K [0x0000000080000000, 0x0000000084300000, 0x00000000d5580000)
  object space 68608K, 31% used [0x0000000080000000,0x000000008153abe0,0x0000000084300000)
 Metaspace       used 42403K, committed 43712K, reserved 1114112K
  class space    used 4550K, committed 5056K, reserved 1048576K
}
Event: 20.402 GC heap after
{Heap after GC invocations=18 (full 2):
 PSYoungGen      total 24064K, used 1760K [0x00000000d5580000, 0x00000000d7000000, 0x0000000100000000)
  eden space 22016K, 0% used [0x00000000d5580000,0x00000000d5580000,0x00000000d6b00000)
  from space 2048K, 85% used [0x00000000d6e00000,0x00000000d6fb8020,0x00000000d7000000)
  to   space 2048K, 0% used [0x00000000d6c00000,0x00000000d6c00000,0x00000000d6e00000)
 ParOldGen       total 68608K, used 22625K [0x0000000080000000, 0x0000000084300000, 0x00000000d5580000)
  object space 68608K, 32% used [0x0000000080000000,0x00000000816184f0,0x0000000084300000)
 Metaspace       used 42403K, committed 43712K, reserved 1114112K
  class space    used 4550K, committed 5056K, reserved 1048576K
}
Event: 21.241 GC heap before
{Heap before GC invocations=19 (full 2):
 PSYoungGen      total 24064K, used 23776K [0x00000000d5580000, 0x00000000d7000000, 0x0000000100000000)
  eden space 22016K, 99% used [0x00000000d5580000,0x00000000d6affff0,0x00000000d6b00000)
  from space 2048K, 85% used [0x00000000d6e00000,0x00000000d6fb8020,0x00000000d7000000)
  to   space 2048K, 0% used [0x00000000d6c00000,0x00000000d6c00000,0x00000000d6e00000)
 ParOldGen       total 68608K, used 22625K [0x0000000080000000, 0x0000000084300000, 0x00000000d5580000)
  object space 68608K, 32% used [0x0000000080000000,0x00000000816184f0,0x0000000084300000)
 Metaspace       used 44478K, committed 45824K, reserved 1114112K
  class space    used 4808K, committed 5376K, reserved 1048576K
}
Event: 21.251 GC heap after
{Heap after GC invocations=19 (full 2):
 PSYoungGen      total 23552K, used 1407K [0x00000000d5580000, 0x00000000d6e80000, 0x0000000100000000)
  eden space 22016K, 0% used [0x00000000d5580000,0x00000000d5580000,0x00000000d6b00000)
  from space 1536K, 91% used [0x00000000d6c00000,0x00000000d6d5fc28,0x00000000d6d80000)
  to   space 1024K, 0% used [0x00000000d6d80000,0x00000000d6d80000,0x00000000d6e80000)
 ParOldGen       total 68608K, used 24128K [0x0000000080000000, 0x0000000084300000, 0x00000000d5580000)
  object space 68608K, 35% used [0x0000000080000000,0x0000000081790220,0x0000000084300000)
 Metaspace       used 44478K, committed 45824K, reserved 1114112K
  class space    used 4808K, committed 5376K, reserved 1048576K
}
Event: 22.584 GC heap before
{Heap before GC invocations=20 (full 2):
 PSYoungGen      total 23552K, used 23423K [0x00000000d5580000, 0x00000000d6e80000, 0x0000000100000000)
  eden space 22016K, 100% used [0x00000000d5580000,0x00000000d6b00000,0x00000000d6b00000)
  from space 1536K, 91% used [0x00000000d6c00000,0x00000000d6d5fc28,0x00000000d6d80000)
  to   space 1024K, 0% used [0x00000000d6d80000,0x00000000d6d80000,0x00000000d6e80000)
 ParOldGen       total 68608K, used 24128K [0x0000000080000000, 0x0000000084300000, 0x00000000d5580000)
  object space 68608K, 35% used [0x0000000080000000,0x0000000081790220,0x0000000084300000)
 Metaspace       used 46289K, committed 47680K, reserved 1114112K
  class space    used 5042K, committed 5632K, reserved 1048576K
}
Event: 22.595 GC heap after
{Heap after GC invocations=20 (full 2):
 PSYoungGen      total 22528K, used 1003K [0x00000000d5580000, 0x00000000d7100000, 0x0000000100000000)
  eden space 21504K, 0% used [0x00000000d5580000,0x00000000d5580000,0x00000000d6a80000)
  from space 1024K, 97% used [0x00000000d6d80000,0x00000000d6e7ac18,0x00000000d6e80000)
  to   space 3072K, 0% used [0x00000000d6a80000,0x00000000d6a80000,0x00000000d6d80000)
 ParOldGen       total 68608K, used 25947K [0x0000000080000000, 0x0000000084300000, 0x00000000d5580000)
  object space 68608K, 37% used [0x0000000080000000,0x0000000081956cf0,0x0000000084300000)
 Metaspace       used 46289K, committed 47680K, reserved 1114112K
  class space    used 5042K, committed 5632K, reserved 1048576K
}
Event: 24.178 GC heap before
{Heap before GC invocations=21 (full 2):
 PSYoungGen      total 22528K, used 22507K [0x00000000d5580000, 0x00000000d7100000, 0x0000000100000000)
  eden space 21504K, 100% used [0x00000000d5580000,0x00000000d6a80000,0x00000000d6a80000)
  from space 1024K, 97% used [0x00000000d6d80000,0x00000000d6e7ac18,0x00000000d6e80000)
  to   space 3072K, 0% used [0x00000000d6a80000,0x00000000d6a80000,0x00000000d6d80000)
 ParOldGen       total 68608K, used 25947K [0x0000000080000000, 0x0000000084300000, 0x00000000d5580000)
  object space 68608K, 37% used [0x0000000080000000,0x0000000081956cf0,0x0000000084300000)
 Metaspace       used 47862K, committed 49152K, reserved 1114112K
  class space    used 5213K, committed 5760K, reserved 1048576K
}
Event: 24.189 GC heap after
{Heap after GC invocations=21 (full 2):
 PSYoungGen      total 23552K, used 1809K [0x00000000d5580000, 0x00000000d6f80000, 0x0000000100000000)
  eden space 21504K, 0% used [0x00000000d5580000,0x00000000d5580000,0x00000000d6a80000)
  from space 2048K, 88% used [0x00000000d6a80000,0x00000000d6c446a0,0x00000000d6c80000)
  to   space 2560K, 0% used [0x00000000d6d00000,0x00000000d6d00000,0x00000000d6f80000)
 ParOldGen       total 68608K, used 26887K [0x0000000080000000, 0x0000000084300000, 0x00000000d5580000)
  object space 68608K, 39% used [0x0000000080000000,0x0000000081a41d00,0x0000000084300000)
 Metaspace       used 47862K, committed 49152K, reserved 1114112K
  class space    used 5213K, committed 5760K, reserved 1048576K
}
Event: 24.797 GC heap before
{Heap before GC invocations=22 (full 2):
 PSYoungGen      total 23552K, used 23313K [0x00000000d5580000, 0x00000000d6f80000, 0x0000000100000000)
  eden space 21504K, 100% used [0x00000000d5580000,0x00000000d6a80000,0x00000000d6a80000)
  from space 2048K, 88% used [0x00000000d6a80000,0x00000000d6c446a0,0x00000000d6c80000)
  to   space 2560K, 0% used [0x00000000d6d00000,0x00000000d6d00000,0x00000000d6f80000)
 ParOldGen       total 68608K, used 26887K [0x0000000080000000, 0x0000000084300000, 0x00000000d5580000)
  object space 68608K, 39% used [0x0000000080000000,0x0000000081a41d00,0x0000000084300000)
 Metaspace       used 47970K, committed 49280K, reserved 1114112K
  class space    used 5216K, committed 5760K, reserved 1048576K
}
Event: 24.801 GC heap after
{Heap after GC invocations=22 (full 2):
 PSYoungGen      total 24064K, used 2028K [0x00000000d5580000, 0x00000000d6f80000, 0x0000000100000000)
  eden space 21504K, 0% used [0x00000000d5580000,0x00000000d5580000,0x00000000d6a80000)
  from space 2560K, 79% used [0x00000000d6d00000,0x00000000d6efb008,0x00000000d6f80000)
  to   space 2560K, 0% used [0x00000000d6a80000,0x00000000d6a80000,0x00000000d6d00000)
 ParOldGen       total 68608K, used 28511K [0x0000000080000000, 0x0000000084300000, 0x00000000d5580000)
  object space 68608K, 41% used [0x0000000080000000,0x0000000081bd7db8,0x0000000084300000)
 Metaspace       used 47970K, committed 49280K, reserved 1114112K
  class space    used 5216K, committed 5760K, reserved 1048576K
}
Event: 25.223 GC heap before
{Heap before GC invocations=23 (full 2):
 PSYoungGen      total 24064K, used 23532K [0x00000000d5580000, 0x00000000d6f80000, 0x0000000100000000)
  eden space 21504K, 100% used [0x00000000d5580000,0x00000000d6a80000,0x00000000d6a80000)
  from space 2560K, 79% used [0x00000000d6d00000,0x00000000d6efb008,0x00000000d6f80000)
  to   space 2560K, 0% used [0x00000000d6a80000,0x00000000d6a80000,0x00000000d6d00000)
 ParOldGen       total 68608K, used 28511K [0x0000000080000000, 0x0000000084300000, 0x00000000d5580000)
  object space 68608K, 41% used [0x0000000080000000,0x0000000081bd7db8,0x0000000084300000)
 Metaspace       used 47987K, committed 49280K, reserved 1114112K
  class space    used 5216K, committed 5760K, reserved 1048576K
}
Event: 25.232 GC heap after
{Heap after GC invocations=23 (full 2):
 PSYoungGen      total 23552K, used 1984K [0x00000000d5580000, 0x00000000d6e80000, 0x0000000100000000)
  eden space 21504K, 0% used [0x00000000d5580000,0x00000000d5580000,0x00000000d6a80000)
  from space 2048K, 96% used [0x00000000d6a80000,0x00000000d6c70000,0x00000000d6c80000)
  to   space 2048K, 0% used [0x00000000d6c80000,0x00000000d6c80000,0x00000000d6e80000)
 ParOldGen       total 68608K, used 30379K [0x0000000080000000, 0x0000000084300000, 0x00000000d5580000)
  object space 68608K, 44% used [0x0000000080000000,0x0000000081daadc0,0x0000000084300000)
 Metaspace       used 47987K, committed 49280K, reserved 1114112K
  class space    used 5216K, committed 5760K, reserved 1048576K
}
Event: 26.044 GC heap before
{Heap before GC invocations=24 (full 2):
 PSYoungGen      total 23552K, used 23488K [0x00000000d5580000, 0x00000000d6e80000, 0x0000000100000000)
  eden space 21504K, 100% used [0x00000000d5580000,0x00000000d6a80000,0x00000000d6a80000)
  from space 2048K, 96% used [0x00000000d6a80000,0x00000000d6c70000,0x00000000d6c80000)
  to   space 2048K, 0% used [0x00000000d6c80000,0x00000000d6c80000,0x00000000d6e80000)
 ParOldGen       total 68608K, used 30379K [0x0000000080000000, 0x0000000084300000, 0x00000000d5580000)
  object space 68608K, 44% used [0x0000000080000000,0x0000000081daadc0,0x0000000084300000)
 Metaspace       used 47994K, committed 49344K, reserved 1114112K
  class space    used 5216K, committed 5760K, reserved 1048576K
}
Event: 26.052 GC heap after
{Heap after GC invocations=24 (full 2):
 PSYoungGen      total 23552K, used 1752K [0x00000000d5580000, 0x00000000d6e80000, 0x0000000100000000)
  eden space 21504K, 0% used [0x00000000d5580000,0x00000000d5580000,0x00000000d6a80000)
  from space 2048K, 85% used [0x00000000d6c80000,0x00000000d6e36008,0x00000000d6e80000)
  to   space 2048K, 0% used [0x00000000d6a80000,0x00000000d6a80000,0x00000000d6c80000)
 ParOldGen       total 68608K, used 32123K [0x0000000080000000, 0x0000000084300000, 0x00000000d5580000)
  object space 68608K, 46% used [0x0000000080000000,0x0000000081f5edc0,0x0000000084300000)
 Metaspace       used 47994K, committed 49344K, reserved 1114112K
  class space    used 5216K, committed 5760K, reserved 1048576K
}
Event: 26.943 GC heap before
{Heap before GC invocations=25 (full 2):
 PSYoungGen      total 23552K, used 23256K [0x00000000d5580000, 0x00000000d6e80000, 0x0000000100000000)
  eden space 21504K, 100% used [0x00000000d5580000,0x00000000d6a80000,0x00000000d6a80000)
  from space 2048K, 85% used [0x00000000d6c80000,0x00000000d6e36008,0x00000000d6e80000)
  to   space 2048K, 0% used [0x00000000d6a80000,0x00000000d6a80000,0x00000000d6c80000)
 ParOldGen       total 68608K, used 32123K [0x0000000080000000, 0x0000000084300000, 0x00000000d5580000)
  object space 68608K, 46% used [0x0000000080000000,0x0000000081f5edc0,0x0000000084300000)
 Metaspace       used 48208K, committed 49472K, reserved 1114112K
  class space    used 5238K, committed 5760K, reserved 1048576K
}
Event: 26.947 GC heap after
{Heap after GC invocations=25 (full 2):
 PSYoungGen      total 23552K, used 1792K [0x00000000d5580000, 0x00000000d6e80000, 0x0000000100000000)
  eden space 21504K, 0% used [0x00000000d5580000,0x00000000d5580000,0x00000000d6a80000)
  from space 2048K, 87% used [0x00000000d6a80000,0x00000000d6c40000,0x00000000d6c80000)
  to   space 2048K, 0% used [0x00000000d6c80000,0x00000000d6c80000,0x00000000d6e80000)
 ParOldGen       total 68608K, used 33742K [0x0000000080000000, 0x0000000084300000, 0x00000000d5580000)
  object space 68608K, 49% used [0x0000000080000000,0x00000000820f39d8,0x0000000084300000)
 Metaspace       used 48208K, committed 49472K, reserved 1114112K
  class space    used 5238K, committed 5760K, reserved 1048576K
}
Event: 27.797 GC heap before
{Heap before GC invocations=26 (full 2):
 PSYoungGen      total 23552K, used 23296K [0x00000000d5580000, 0x00000000d6e80000, 0x0000000100000000)
  eden space 21504K, 100% used [0x00000000d5580000,0x00000000d6a80000,0x00000000d6a80000)
  from space 2048K, 87% used [0x00000000d6a80000,0x00000000d6c40000,0x00000000d6c80000)
  to   space 2048K, 0% used [0x00000000d6c80000,0x00000000d6c80000,0x00000000d6e80000)
 ParOldGen       total 68608K, used 33742K [0x0000000080000000, 0x0000000084300000, 0x00000000d5580000)
  object space 68608K, 49% used [0x0000000080000000,0x00000000820f39d8,0x0000000084300000)
 Metaspace       used 48572K, committed 49856K, reserved 1114112K
  class space    used 5282K, committed 5824K, reserved 1048576K
}
Event: 27.803 GC heap after
{Heap after GC invocations=26 (full 2):
 PSYoungGen      total 23040K, used 2040K [0x00000000d5580000, 0x00000000d6f80000, 0x0000000100000000)
  eden space 20992K, 0% used [0x00000000d5580000,0x00000000d5580000,0x00000000d6a00000)
  from space 2048K, 99% used [0x00000000d6c80000,0x00000000d6e7e1a8,0x00000000d6e80000)
  to   space 2560K, 0% used [0x00000000d6a00000,0x00000000d6a00000,0x00000000d6c80000)
 ParOldGen       total 68608K, used 35366K [0x0000000080000000, 0x0000000084300000, 0x00000000d5580000)
  object space 68608K, 51% used [0x0000000080000000,0x00000000822899d8,0x0000000084300000)
 Metaspace       used 48572K, committed 49856K, reserved 1114112K
  class space    used 5282K, committed 5824K, reserved 1048576K
}
Event: 31.584 GC heap before
{Heap before GC invocations=27 (full 2):
 PSYoungGen      total 23040K, used 23032K [0x00000000d5580000, 0x00000000d6f80000, 0x0000000100000000)
  eden space 20992K, 100% used [0x00000000d5580000,0x00000000d6a00000,0x00000000d6a00000)
  from space 2048K, 99% used [0x00000000d6c80000,0x00000000d6e7e1a8,0x00000000d6e80000)
  to   space 2560K, 0% used [0x00000000d6a00000,0x00000000d6a00000,0x00000000d6c80000)
 ParOldGen       total 68608K, used 35366K [0x0000000080000000, 0x0000000084300000, 0x00000000d5580000)
  object space 68608K, 51% used [0x0000000080000000,0x00000000822899d8,0x0000000084300000)
 Metaspace       used 48605K, committed 49920K, reserved 1114112K
  class space    used 5282K, committed 5824K, reserved 1048576K
}
Event: 31.588 GC heap after
{Heap after GC invocations=27 (full 2):
 PSYoungGen      total 22016K, used 640K [0x00000000d5580000, 0x00000000d6d00000, 0x0000000100000000)
  eden space 20992K, 0% used [0x00000000d5580000,0x00000000d5580000,0x00000000d6a00000)
  from space 1024K, 62% used [0x00000000d6a00000,0x00000000d6aa0000,0x00000000d6b00000)
  to   space 1536K, 0% used [0x00000000d6b80000,0x00000000d6b80000,0x00000000d6d00000)
 ParOldGen       total 68608K, used 37248K [0x0000000080000000, 0x0000000084300000, 0x00000000d5580000)
  object space 68608K, 54% used [0x0000000080000000,0x0000000082460200,0x0000000084300000)
 Metaspace       used 48605K, committed 49920K, reserved 1114112K
  class space    used 5282K, committed 5824K, reserved 1048576K
}

